Analysis & Synthesis report for MatrixMultiplier
Thu Mar 04 20:32:42 2021
Quartus Prime Version 18.1.0 Build 625 09/12/2018 SJ Lite Edition


---------------------
; Table of Contents ;
---------------------
  1. Legal Notice
  2. Analysis & Synthesis Summary
  3. Analysis & Synthesis Settings
  4. Parallel Compilation
  5. Analysis & Synthesis Source Files Read
  6. Analysis & Synthesis Resource Usage Summary
  7. Analysis & Synthesis Resource Utilization by Entity
  8. General Register Statistics
  9. Port Connectivity Checks: "mux2_ControlUnit:mux2"
 10. Port Connectivity Checks: "reg_RstLd:register"
 11. Port Connectivity Checks: "mux1_ControlUnit:mux1"
 12. Post-Synthesis Netlist Statistics for Top Partition
 13. Elapsed Time Per Partition
 14. Analysis & Synthesis Messages



----------------
; Legal Notice ;
----------------
Copyright (C) 2018  Intel Corporation. All rights reserved.
Your use of Intel Corporation's design tools, logic functions 
and other software and tools, and its AMPP partner logic 
functions, and any output files from any of the foregoing 
(including device programming or simulation files), and any 
associated documentation or information are expressly subject 
to the terms and conditions of the Intel Program License 
Subscription Agreement, the Intel Quartus Prime License Agreement,
the Intel FPGA IP License Agreement, or other applicable license
agreement, including, without limitation, that your use is for
the sole purpose of programming logic devices manufactured by
Intel and sold by Intel or its authorized distributors.  Please
refer to the applicable agreement for further details.



+----------------------------------------------------------------------------------+
; Analysis & Synthesis Summary                                                     ;
+------------------------------------+---------------------------------------------+
; Analysis & Synthesis Status        ; Successful - Thu Mar 04 20:32:42 2021       ;
; Quartus Prime Version              ; 18.1.0 Build 625 09/12/2018 SJ Lite Edition ;
; Revision Name                      ; MatrixMultiplier                            ;
; Top-level Entity Name              ; controller                                  ;
; Family                             ; Cyclone IV E                                ;
; Total logic elements               ; 0                                           ;
;     Total combinational functions  ; 0                                           ;
;     Dedicated logic registers      ; 0                                           ;
; Total registers                    ; 0                                           ;
; Total pins                         ; 54                                          ;
; Total virtual pins                 ; 0                                           ;
; Total memory bits                  ; 0                                           ;
; Embedded Multiplier 9-bit elements ; 0                                           ;
; Total PLLs                         ; 0                                           ;
+------------------------------------+---------------------------------------------+


+------------------------------------------------------------------------------------------------------------+
; Analysis & Synthesis Settings                                                                              ;
+------------------------------------------------------------------+--------------------+--------------------+
; Option                                                           ; Setting            ; Default Value      ;
+------------------------------------------------------------------+--------------------+--------------------+
; Top-level entity name                                            ; controller         ; MatrixMultiplier   ;
; Family name                                                      ; Cyclone IV E       ; Cyclone V          ;
; Use smart compilation                                            ; Off                ; Off                ;
; Enable parallel Assembler and Timing Analyzer during compilation ; On                 ; On                 ;
; Enable compact report table                                      ; Off                ; Off                ;
; Restructure Multiplexers                                         ; Auto               ; Auto               ;
; Create Debugging Nodes for IP Cores                              ; Off                ; Off                ;
; Preserve fewer node names                                        ; On                 ; On                 ;
; Intel FPGA IP Evaluation Mode                                    ; Enable             ; Enable             ;
; Verilog Version                                                  ; Verilog_2001       ; Verilog_2001       ;
; VHDL Version                                                     ; VHDL_1993          ; VHDL_1993          ;
; State Machine Processing                                         ; Auto               ; Auto               ;
; Safe State Machine                                               ; Off                ; Off                ;
; Extract Verilog State Machines                                   ; On                 ; On                 ;
; Extract VHDL State Machines                                      ; On                 ; On                 ;
; Ignore Verilog initial constructs                                ; Off                ; Off                ;
; Iteration limit for constant Verilog loops                       ; 5000               ; 5000               ;
; Iteration limit for non-constant Verilog loops                   ; 250                ; 250                ;
; Add Pass-Through Logic to Inferred RAMs                          ; On                 ; On                 ;
; Infer RAMs from Raw Logic                                        ; On                 ; On                 ;
; Parallel Synthesis                                               ; On                 ; On                 ;
; DSP Block Balancing                                              ; Auto               ; Auto               ;
; NOT Gate Push-Back                                               ; On                 ; On                 ;
; Power-Up Don't Care                                              ; On                 ; On                 ;
; Remove Redundant Logic Cells                                     ; Off                ; Off                ;
; Remove Duplicate Registers                                       ; On                 ; On                 ;
; Ignore CARRY Buffers                                             ; Off                ; Off                ;
; Ignore CASCADE Buffers                                           ; Off                ; Off                ;
; Ignore GLOBAL Buffers                                            ; Off                ; Off                ;
; Ignore ROW GLOBAL Buffers                                        ; Off                ; Off                ;
; Ignore LCELL Buffers                                             ; Off                ; Off                ;
; Ignore SOFT Buffers                                              ; On                 ; On                 ;
; Limit AHDL Integers to 32 Bits                                   ; Off                ; Off                ;
; Optimization Technique                                           ; Balanced           ; Balanced           ;
; Carry Chain Length                                               ; 70                 ; 70                 ;
; Auto Carry Chains                                                ; On                 ; On                 ;
; Auto Open-Drain Pins                                             ; On                 ; On                 ;
; Perform WYSIWYG Primitive Resynthesis                            ; Off                ; Off                ;
; Auto ROM Replacement                                             ; On                 ; On                 ;
; Auto RAM Replacement                                             ; On                 ; On                 ;
; Auto DSP Block Replacement                                       ; On                 ; On                 ;
; Auto Shift Register Replacement                                  ; Auto               ; Auto               ;
; Allow Shift Register Merging across Hierarchies                  ; Auto               ; Auto               ;
; Auto Clock Enable Replacement                                    ; On                 ; On                 ;
; Strict RAM Replacement                                           ; Off                ; Off                ;
; Allow Synchronous Control Signals                                ; On                 ; On                 ;
; Force Use of Synchronous Clear Signals                           ; Off                ; Off                ;
; Auto RAM Block Balancing                                         ; On                 ; On                 ;
; Auto RAM to Logic Cell Conversion                                ; Off                ; Off                ;
; Auto Resource Sharing                                            ; Off                ; Off                ;
; Allow Any RAM Size For Recognition                               ; Off                ; Off                ;
; Allow Any ROM Size For Recognition                               ; Off                ; Off                ;
; Allow Any Shift Register Size For Recognition                    ; Off                ; Off                ;
; Use LogicLock Constraints during Resource Balancing              ; On                 ; On                 ;
; Ignore translate_off and synthesis_off directives                ; Off                ; Off                ;
; Timing-Driven Synthesis                                          ; On                 ; On                 ;
; Report Parameter Settings                                        ; On                 ; On                 ;
; Report Source Assignments                                        ; On                 ; On                 ;
; Report Connectivity Checks                                       ; On                 ; On                 ;
; Ignore Maximum Fan-Out Assignments                               ; Off                ; Off                ;
; Synchronization Register Chain Length                            ; 2                  ; 2                  ;
; Power Optimization During Synthesis                              ; Normal compilation ; Normal compilation ;
; HDL message level                                                ; Level2             ; Level2             ;
; Suppress Register Optimization Related Messages                  ; Off                ; Off                ;
; Number of Removed Registers Reported in Synthesis Report         ; 5000               ; 5000               ;
; Number of Swept Nodes Reported in Synthesis Report               ; 5000               ; 5000               ;
; Number of Inverted Registers Reported in Synthesis Report        ; 100                ; 100                ;
; Clock MUX Protection                                             ; On                 ; On                 ;
; Auto Gated Clock Conversion                                      ; Off                ; Off                ;
; Block Design Naming                                              ; Auto               ; Auto               ;
; SDC constraint protection                                        ; Off                ; Off                ;
; Synthesis Effort                                                 ; Auto               ; Auto               ;
; Shift Register Replacement - Allow Asynchronous Clear Signal     ; On                 ; On                 ;
; Pre-Mapping Resynthesis Optimization                             ; Off                ; Off                ;
; Analysis & Synthesis Message Level                               ; Medium             ; Medium             ;
; Disable Register Merging Across Hierarchies                      ; Auto               ; Auto               ;
; Resource Aware Inference For Block RAM                           ; On                 ; On                 ;
+------------------------------------------------------------------+--------------------+--------------------+


+------------------------------------------+
; Parallel Compilation                     ;
+----------------------------+-------------+
; Processors                 ; Number      ;
+----------------------------+-------------+
; Number detected on machine ; 4           ;
; Maximum allowed            ; 2           ;
;                            ;             ;
; Average used               ; 1.00        ;
; Maximum used               ; 1           ;
;                            ;             ;
; Usage by Processor         ; % Time Used ;
;     Processor 1            ; 100.0%      ;
+----------------------------+-------------+


+-------------------------------------------------------------------------------------------------------------------------------------------------------------------+
; Analysis & Synthesis Source Files Read                                                                                                                            ;
+------------------------------------------+-----------------+------------------------+-------------------------------------------------------------------+---------+
; File Name with User-Entered Path         ; Used in Netlist ; File Type              ; File Name with Absolute Path                                      ; Library ;
+------------------------------------------+-----------------+------------------------+-------------------------------------------------------------------+---------+
; verilog_scripts/ControlUnit/microcode.v  ; yes             ; User Verilog HDL File  ; E:/fpga/MatrixMultiplier/verilog_scripts/ControlUnit/microcode.v  ;         ;
; verilog_scripts/registers/reg_RstLd.v    ; yes             ; User Verilog HDL File  ; E:/fpga/MatrixMultiplier/verilog_scripts/registers/reg_RstLd.v    ;         ;
; verilog_scripts/Mux/mux1_ControlUnit.v   ; yes             ; User Verilog HDL File  ; E:/fpga/MatrixMultiplier/verilog_scripts/Mux/mux1_ControlUnit.v   ;         ;
; verilog_scripts/Mux/mux2_ControlUnit.v   ; yes             ; User Verilog HDL File  ; E:/fpga/MatrixMultiplier/verilog_scripts/Mux/mux2_ControlUnit.v   ;         ;
; verilog_scripts/ControlUnit/controller.v ; yes             ; User Verilog HDL File  ; E:/fpga/MatrixMultiplier/verilog_scripts/ControlUnit/controller.v ;         ;
+------------------------------------------+-----------------+------------------------+-------------------------------------------------------------------+---------+


+-----------------------------------------------------+
; Analysis & Synthesis Resource Usage Summary         ;
+---------------------------------------------+-------+
; Resource                                    ; Usage ;
+---------------------------------------------+-------+
;                                             ;       ;
; Total combinational functions               ; 0     ;
; Logic element usage by number of LUT inputs ;       ;
;     -- 4 input functions                    ; 0     ;
;     -- 3 input functions                    ; 0     ;
;     -- <=2 input functions                  ; 0     ;
;                                             ;       ;
; Logic elements by mode                      ;       ;
;     -- normal mode                          ; 0     ;
;     -- arithmetic mode                      ; 0     ;
;                                             ;       ;
; Total registers                             ; 0     ;
;     -- Dedicated logic registers            ; 0     ;
;     -- I/O registers                        ; 0     ;
;                                             ;       ;
; I/O pins                                    ; 54    ;
;                                             ;       ;
; Embedded Multiplier 9-bit elements          ; 0     ;
;                                             ;       ;
; Maximum fan-out node                        ; clk   ;
; Maximum fan-out                             ; 1     ;
; Total fan-out                               ; 54    ;
; Average fan-out                             ; 0.50  ;
+---------------------------------------------+-------+


+----------------------------------------------------------------------------------------------------------------------------------------------------------------------------------------------------------+
; Analysis & Synthesis Resource Utilization by Entity                                                                                                                                                      ;
+----------------------------+---------------------+---------------------------+-------------+--------------+---------+-----------+------+--------------+---------------------+-------------+--------------+
; Compilation Hierarchy Node ; Combinational ALUTs ; Dedicated Logic Registers ; Memory Bits ; DSP Elements ; DSP 9x9 ; DSP 18x18 ; Pins ; Virtual Pins ; Full Hierarchy Name ; Entity Name ; Library Name ;
+----------------------------+---------------------+---------------------------+-------------+--------------+---------+-----------+------+--------------+---------------------+-------------+--------------+
; |controller                ; 0 (0)               ; 0 (0)                     ; 0           ; 0            ; 0       ; 0         ; 54   ; 0            ; |controller         ; controller  ; work         ;
+----------------------------+---------------------+---------------------------+-------------+--------------+---------+-----------+------+--------------+---------------------+-------------+--------------+
Note: For table entries with two numbers listed, the numbers in parentheses indicate the number of resources of the given type used by the specific entity alone. The numbers listed outside of parentheses indicate the total resources of the given type used by the specific entity and all of its sub-entities in the hierarchy.


+------------------------------------------------------+
; General Register Statistics                          ;
+----------------------------------------------+-------+
; Statistic                                    ; Value ;
+----------------------------------------------+-------+
; Total registers                              ; 0     ;
; Number of registers using Synchronous Clear  ; 0     ;
; Number of registers using Synchronous Load   ; 0     ;
; Number of registers using Asynchronous Clear ; 0     ;
; Number of registers using Asynchronous Load  ; 0     ;
; Number of registers using Clock Enable       ; 0     ;
; Number of registers using Preset             ; 0     ;
+----------------------------------------------+-------+


+--------------------------------------------------------------------------------------------------------------------------------------------------------------------------------------------------------+
; Port Connectivity Checks: "mux2_ControlUnit:mux2"                                                                                                                                                      ;
+----------+--------+----------+-------------------------------------------------------------------------------------------------------------------------------------------------------------------------+
; Port     ; Type   ; Severity ; Details                                                                                                                                                                 ;
+----------+--------+----------+-------------------------------------------------------------------------------------------------------------------------------------------------------------------------+
; logic_in ; Output ; Warning  ; Output or bidir port (1 bits) is smaller than the port expression (16 bits) it drives.  The 15 most-significant bit(s) in the port expression will be connected to GND. ;
+----------+--------+----------+-------------------------------------------------------------------------------------------------------------------------------------------------------------------------+


+-------------------------------------------------------------------------------------------------------------------------------------------------------------------------------------------------------------------------+
; Port Connectivity Checks: "reg_RstLd:register"                                                                                                                                                                          ;
+-----------------+-------+----------+------------------------------------------------------------------------------------------------------------------------------------------------------------------------------------+
; Port            ; Type  ; Severity ; Details                                                                                                                                                                            ;
+-----------------+-------+----------+------------------------------------------------------------------------------------------------------------------------------------------------------------------------------------+
; load_enable     ; Input ; Warning  ; Input port expression (32 bits) is wider than the input port (1 bits) it drives.  The 31 most-significant bit(s) in the expression will be dangling if they have no other fanouts. ;
; load_enable[-1] ; Input ; Info     ; Stuck at VCC                                                                                                                                                                       ;
; reset           ; Input ; Warning  ; Input port expression (32 bits) is wider than the input port (1 bits) it drives.  The 31 most-significant bit(s) in the expression will be dangling if they have no other fanouts. ;
; reset[-1]       ; Input ; Info     ; Stuck at GND                                                                                                                                                                       ;
+-----------------+-------+----------+------------------------------------------------------------------------------------------------------------------------------------------------------------------------------------+


+---------------------------------------------------+
; Port Connectivity Checks: "mux1_ControlUnit:mux1" ;
+-----------------+-------+----------+--------------+
; Port            ; Type  ; Severity ; Details      ;
+-----------------+-------+----------+--------------+
; map_addr[15..4] ; Input ; Info     ; Stuck at GND ;
; map_addr[2..0]  ; Input ; Info     ; Stuck at GND ;
+-----------------+-------+----------+--------------+


+-----------------------------------------------------+
; Post-Synthesis Netlist Statistics for Top Partition ;
+-----------------------+-----------------------------+
; Type                  ; Count                       ;
+-----------------------+-----------------------------+
; boundary_port         ; 54                          ;
; cycloneiii_lcell_comb ; 1                           ;
;     normal            ; 1                           ;
;         0 data inputs ; 1                           ;
;                       ;                             ;
; Max LUT depth         ; 0.00                        ;
; Average LUT depth     ; 0.00                        ;
+-----------------------+-----------------------------+


+-------------------------------+
; Elapsed Time Per Partition    ;
+----------------+--------------+
; Partition Name ; Elapsed Time ;
+----------------+--------------+
; Top            ; 00:00:01     ;
+----------------+--------------+


+-------------------------------+
; Analysis & Synthesis Messages ;
+-------------------------------+
Info: *******************************************************************
Info: Running Quartus Prime Analysis & Synthesis
    Info: Version 18.1.0 Build 625 09/12/2018 SJ Lite Edition
    Info: Processing started: Thu Mar 04 20:32:14 2021
Info: Command: quartus_map --read_settings_files=on --write_settings_files=off MatrixMultiplier -c MatrixMultiplier
Warning (18236): Number of processors has not been specified which may cause overloading on shared machines.  Set the global assignment NUM_PARALLEL_PROCESSORS in your QSF to an appropriate value for best performance.
Info (20030): Parallel compilation is enabled and will use 2 of the 2 processors detected
Info (12021): Found 1 design units, including 1 entities, in source file verilog_scripts/controlunit/microcode.v
    Info (12023): Found entity 1: microcode File: E:/fpga/MatrixMultiplier/verilog_scripts/ControlUnit/microcode.v Line: 1
Info (12021): Found 1 design units, including 1 entities, in source file verilog_scripts/registers/reg_rstld.v
    Info (12023): Found entity 1: reg_RstLd File: E:/fpga/MatrixMultiplier/verilog_scripts/registers/reg_RstLd.v Line: 1
Info (12021): Found 1 design units, including 1 entities, in source file verilog_scripts/registers/reg_rstincld.v
    Info (12023): Found entity 1: reg_RstIncLd File: E:/fpga/MatrixMultiplier/verilog_scripts/registers/reg_RstIncLd.v Line: 1
Info (12021): Found 1 design units, including 1 entities, in source file verilog_scripts/registers/reg_rstinc.v
    Info (12023): Found entity 1: reg_RstInc File: E:/fpga/MatrixMultiplier/verilog_scripts/registers/reg_RstInc.v Line: 1
Info (12021): Found 1 design units, including 1 entities, in source file verilog_scripts/registers/reg_id.v
    Info (12023): Found entity 1: reg_ID File: E:/fpga/MatrixMultiplier/verilog_scripts/registers/reg_ID.v Line: 1
Info (12021): Found 1 design units, including 1 entities, in source file verilog_scripts/registers/reg_ac.v
    Info (12023): Found entity 1: reg_AC File: E:/fpga/MatrixMultiplier/verilog_scripts/registers/reg_AC.v Line: 1
Info (12021): Found 1 design units, including 1 entities, in source file verilog_scripts/buffer.v
    Info (12023): Found entity 1: buffer File: E:/fpga/MatrixMultiplier/verilog_scripts/buffer.v Line: 1
Info (12021): Found 1 design units, including 1 entities, in source file verilog_scripts/alu.v
    Info (12023): Found entity 1: ALU File: E:/fpga/MatrixMultiplier/verilog_scripts/ALU.v Line: 1
Info (12021): Found 1 design units, including 1 entities, in source file verilog_scripts/mux/mux1_controlunit.v
    Info (12023): Found entity 1: mux1_ControlUnit File: E:/fpga/MatrixMultiplier/verilog_scripts/Mux/mux1_ControlUnit.v Line: 2
Info (12021): Found 1 design units, including 1 entities, in source file verilog_scripts/mux/mux2_controlunit.v
    Info (12023): Found entity 1: mux2_ControlUnit File: E:/fpga/MatrixMultiplier/verilog_scripts/Mux/mux2_ControlUnit.v Line: 2
Info (12021): Found 1 design units, including 1 entities, in source file verilog_scripts/controlunit/controller.v
    Info (12023): Found entity 1: controller File: E:/fpga/MatrixMultiplier/verilog_scripts/ControlUnit/controller.v Line: 1
Info (12127): Elaborating entity "controller" for the top level hierarchy
Warning (10230): Verilog HDL assignment warning at controller.v(23): truncated value with size 32 to match size of target (16) File: E:/fpga/MatrixMultiplier/verilog_scripts/ControlUnit/controller.v Line: 23
Info (12128): Elaborating entity "mux1_ControlUnit" for hierarchy "mux1_ControlUnit:mux1" File: E:/fpga/MatrixMultiplier/verilog_scripts/ControlUnit/controller.v Line: 14
Info (12128): Elaborating entity "reg_RstLd" for hierarchy "reg_RstLd:register" File: E:/fpga/MatrixMultiplier/verilog_scripts/ControlUnit/controller.v Line: 15
Info (12128): Elaborating entity "microcode" for hierarchy "microcode:micromemory" File: E:/fpga/MatrixMultiplier/verilog_scripts/ControlUnit/controller.v Line: 20
Info (12128): Elaborating entity "mux2_ControlUnit" for hierarchy "mux2_ControlUnit:mux2" File: E:/fpga/MatrixMultiplier/verilog_scripts/ControlUnit/controller.v Line: 27
Warning (12241): 2 hierarchies have connectivity warnings - see the Connectivity Checks report folder
Warning (13024): Output pins are stuck at VCC or GND
    Warning (13410): Pin "OPs[0]" is stuck at GND File: E:/fpga/MatrixMultiplier/verilog_scripts/ControlUnit/controller.v Line: 3
    Warning (13410): Pin "OPs[1]" is stuck at GND File: E:/fpga/MatrixMultiplier/verilog_scripts/ControlUnit/controller.v Line: 3
    Warning (13410): Pin "OPs[2]" is stuck at GND File: E:/fpga/MatrixMultiplier/verilog_scripts/ControlUnit/controller.v Line: 3
    Warning (13410): Pin "OPs[3]" is stuck at GND File: E:/fpga/MatrixMultiplier/verilog_scripts/ControlUnit/controller.v Line: 3
    Warning (13410): Pin "OPs[4]" is stuck at GND File: E:/fpga/MatrixMultiplier/verilog_scripts/ControlUnit/controller.v Line: 3
    Warning (13410): Pin "OPs[5]" is stuck at GND File: E:/fpga/MatrixMultiplier/verilog_scripts/ControlUnit/controller.v Line: 3
    Warning (13410): Pin "OPs[6]" is stuck at GND File: E:/fpga/MatrixMultiplier/verilog_scripts/ControlUnit/controller.v Line: 3
    Warning (13410): Pin "OPs[7]" is stuck at GND File: E:/fpga/MatrixMultiplier/verilog_scripts/ControlUnit/controller.v Line: 3
    Warning (13410): Pin "OPs[8]" is stuck at GND File: E:/fpga/MatrixMultiplier/verilog_scripts/ControlUnit/controller.v Line: 3
    Warning (13410): Pin "OPs[9]" is stuck at GND File: E:/fpga/MatrixMultiplier/verilog_scripts/ControlUnit/controller.v Line: 3
    Warning (13410): Pin "OPs[10]" is stuck at GND File: E:/fpga/MatrixMultiplier/verilog_scripts/ControlUnit/controller.v Line: 3
    Warning (13410): Pin "OPs[11]" is stuck at GND File: E:/fpga/MatrixMultiplier/verilog_scripts/ControlUnit/controller.v Line: 3
    Warning (13410): Pin "OPs[12]" is stuck at GND File: E:/fpga/MatrixMultiplier/verilog_scripts/ControlUnit/controller.v Line: 3
    Warning (13410): Pin "OPs[13]" is stuck at GND File: E:/fpga/MatrixMultiplier/verilog_scripts/ControlUnit/controller.v Line: 3
    Warning (13410): Pin "OPs[14]" is stuck at GND File: E:/fpga/MatrixMultiplier/verilog_scripts/ControlUnit/controller.v Line: 3
    Warning (13410): Pin "OPs[15]" is stuck at GND File: E:/fpga/MatrixMultiplier/verilog_scripts/ControlUnit/controller.v Line: 3
    Warning (13410): Pin "OPs[16]" is stuck at GND File: E:/fpga/MatrixMultiplier/verilog_scripts/ControlUnit/controller.v Line: 3
    Warning (13410): Pin "OPs[17]" is stuck at GND File: E:/fpga/MatrixMultiplier/verilog_scripts/ControlUnit/controller.v Line: 3
    Warning (13410): Pin "OPs[18]" is stuck at GND File: E:/fpga/MatrixMultiplier/verilog_scripts/ControlUnit/controller.v Line: 3
    Warning (13410): Pin "OPs[19]" is stuck at GND File: E:/fpga/MatrixMultiplier/verilog_scripts/ControlUnit/controller.v Line: 3
    Warning (13410): Pin "OPs[20]" is stuck at GND File: E:/fpga/MatrixMultiplier/verilog_scripts/ControlUnit/controller.v Line: 3
    Warning (13410): Pin "OPs[21]" is stuck at GND File: E:/fpga/MatrixMultiplier/verilog_scripts/ControlUnit/controller.v Line: 3
    Warning (13410): Pin "OPs[22]" is stuck at GND File: E:/fpga/MatrixMultiplier/verilog_scripts/ControlUnit/controller.v Line: 3
    Warning (13410): Pin "OPs[23]" is stuck at GND File: E:/fpga/MatrixMultiplier/verilog_scripts/ControlUnit/controller.v Line: 3
    Warning (13410): Pin "OPs[24]" is stuck at GND File: E:/fpga/MatrixMultiplier/verilog_scripts/ControlUnit/controller.v Line: 3
    Warning (13410): Pin "OPs[25]" is stuck at GND File: E:/fpga/MatrixMultiplier/verilog_scripts/ControlUnit/controller.v Line: 3
    Warning (13410): Pin "OPs[26]" is stuck at GND File: E:/fpga/MatrixMultiplier/verilog_scripts/ControlUnit/controller.v Line: 3
    Warning (13410): Pin "OPs[27]" is stuck at GND File: E:/fpga/MatrixMultiplier/verilog_scripts/ControlUnit/controller.v Line: 3
    Warning (13410): Pin "OPs[28]" is stuck at GND File: E:/fpga/MatrixMultiplier/verilog_scripts/ControlUnit/controller.v Line: 3
    Warning (13410): Pin "OPs[29]" is stuck at GND File: E:/fpga/MatrixMultiplier/verilog_scripts/ControlUnit/controller.v Line: 3
    Warning (13410): Pin "OPs[30]" is stuck at GND File: E:/fpga/MatrixMultiplier/verilog_scripts/ControlUnit/controller.v Line: 3
    Warning (13410): Pin "OPs[31]" is stuck at GND File: E:/fpga/MatrixMultiplier/verilog_scripts/ControlUnit/controller.v Line: 3
    Warning (13410): Pin "OPs[32]" is stuck at GND File: E:/fpga/MatrixMultiplier/verilog_scripts/ControlUnit/controller.v Line: 3
    Warning (13410): Pin "OPs[33]" is stuck at GND File: E:/fpga/MatrixMultiplier/verilog_scripts/ControlUnit/controller.v Line: 3
    Warning (13410): Pin "OPs[34]" is stuck at GND File: E:/fpga/MatrixMultiplier/verilog_scripts/ControlUnit/controller.v Line: 3
    Warning (13410): Pin "OPs[35]" is stuck at GND File: E:/fpga/MatrixMultiplier/verilog_scripts/ControlUnit/controller.v Line: 3
    Warning (13410): Pin "OPs[36]" is stuck at GND File: E:/fpga/MatrixMultiplier/verilog_scripts/ControlUnit/controller.v Line: 3
    Warning (13410): Pin "OPs[37]" is stuck at GND File: E:/fpga/MatrixMultiplier/verilog_scripts/ControlUnit/controller.v Line: 3
    Warning (13410): Pin "OPs[38]" is stuck at GND File: E:/fpga/MatrixMultiplier/verilog_scripts/ControlUnit/controller.v Line: 3
    Warning (13410): Pin "OPs[39]" is stuck at GND File: E:/fpga/MatrixMultiplier/verilog_scripts/ControlUnit/controller.v Line: 3
    Warning (13410): Pin "OPs[40]" is stuck at GND File: E:/fpga/MatrixMultiplier/verilog_scripts/ControlUnit/controller.v Line: 3
    Warning (13410): Pin "OPs[41]" is stuck at GND File: E:/fpga/MatrixMultiplier/verilog_scripts/ControlUnit/controller.v Line: 3
    Warning (13410): Pin "OPs[42]" is stuck at GND File: E:/fpga/MatrixMultiplier/verilog_scripts/ControlUnit/controller.v Line: 3
    Warning (13410): Pin "OPs[43]" is stuck at GND File: E:/fpga/MatrixMultiplier/verilog_scripts/ControlUnit/controller.v Line: 3
    Warning (13410): Pin "OPs[44]" is stuck at GND File: E:/fpga/MatrixMultiplier/verilog_scripts/ControlUnit/controller.v Line: 3
    Warning (13410): Pin "OPs[45]" is stuck at GND File: E:/fpga/MatrixMultiplier/verilog_scripts/ControlUnit/controller.v Line: 3
    Warning (13410): Pin "OPs[46]" is stuck at GND File: E:/fpga/MatrixMultiplier/verilog_scripts/ControlUnit/controller.v Line: 3
    Warning (13410): Pin "OPs[47]" is stuck at GND File: E:/fpga/MatrixMultiplier/verilog_scripts/ControlUnit/controller.v Line: 3
    Warning (13410): Pin "OPs[48]" is stuck at GND File: E:/fpga/MatrixMultiplier/verilog_scripts/ControlUnit/controller.v Line: 3
    Warning (13410): Pin "OPs[49]" is stuck at GND File: E:/fpga/MatrixMultiplier/verilog_scripts/ControlUnit/controller.v Line: 3
    Warning (13410): Pin "OPs[50]" is stuck at GND File: E:/fpga/MatrixMultiplier/verilog_scripts/ControlUnit/controller.v Line: 3
Info (16010): Generating hard_block partition "hard_block:auto_generated_inst"
    Info (16011): Adding 0 node(s), including 0 DDIO, 0 PLL, 0 transceiver and 0 LCELL
Warning (21074): Design contains 3 input pin(s) that do not drive logic
    Warning (15610): No output dependent on input pin "clk" File: E:/fpga/MatrixMultiplier/verilog_scripts/ControlUnit/controller.v Line: 2
    Warning (15610): No output dependent on input pin "IR" File: E:/fpga/MatrixMultiplier/verilog_scripts/ControlUnit/controller.v Line: 2
    Warning (15610): No output dependent on input pin "z" File: E:/fpga/MatrixMultiplier/verilog_scripts/ControlUnit/controller.v Line: 2
Info (21057): Implemented 54 device resources after synthesis - the final resource count might be different
    Info (21058): Implemented 3 input pins
    Info (21059): Implemented 51 output pins
Info: Quartus Prime Analysis & Synthesis was successful. 0 errors, 60 warnings
    Info: Peak virtual memory: 4736 megabytes
    Info: Processing ended: Thu Mar 04 20:32:42 2021
    Info: Elapsed time: 00:00:28
    Info: Total CPU time (on all processors): 00:00:34


